C:\USERS\AKIB\DOCUMENTS\VISUAL STUDIO 2012\PROJECTS\QRSDETECT\QRSDETECT\DEBUG\QRSDETECT.PCH
C:\USERS\AKIB\DOCUMENTS\VISUAL STUDIO 2012\PROJECTS\QRSDETECT\QRSDETECT\DEBUG\STDAFX.OBJ
C:\USERS\AKIB\DOCUMENTS\VISUAL STUDIO 2012\PROJECTS\QRSDETECT\QRSDETECT\DEBUG\VC110.PDB
C:\USERS\AKIB\DOCUMENTS\VISUAL STUDIO 2012\PROJECTS\QRSDETECT\QRSDETECT\DEBUG\FILTER.OBJ
C:\USERS\AKIB\DOCUMENTS\VISUAL STUDIO 2012\PROJECTS\QRSDETECT\QRSDETECT\DEBUG\QRSDETECT.OBJ
C:\USERS\AKIB\DOCUMENTS\VISUAL STUDIO 2012\PROJECTS\QRSDETECT\DEBUG\QRSDETECT.ILK
C:\USERS\AKIB\DOCUMENTS\VISUAL STUDIO 2012\PROJECTS\QRSDETECT\DEBUG\QRSDETECT.EXE
C:\USERS\AKIB\DOCUMENTS\VISUAL STUDIO 2012\PROJECTS\QRSDETECT\DEBUG\QRSDETECT.PDB
C:\Users\Akib\documents\visual studio 2012\Projects\qrsDetect\qrsDetect\Debug\filter.obj
C:\Users\Akib\documents\visual studio 2012\Projects\qrsDetect\qrsDetect\Debug\qrsDetect.obj
C:\Users\Akib\documents\visual studio 2012\Projects\qrsDetect\qrsDetect\Debug\stdafx.obj
C:\Users\Akib\documents\visual studio 2012\Projects\qrsDetect\qrsDetect\Debug\cl.command.1.tlog
C:\Users\Akib\documents\visual studio 2012\Projects\qrsDetect\qrsDetect\Debug\CL.read.1.tlog
C:\Users\Akib\documents\visual studio 2012\Projects\qrsDetect\qrsDetect\Debug\CL.write.1.tlog
C:\Users\Akib\documents\visual studio 2012\Projects\qrsDetect\qrsDetect\Debug\link-cvtres.read.1.tlog
C:\Users\Akib\documents\visual studio 2012\Projects\qrsDetect\qrsDetect\Debug\link-cvtres.write.1.tlog
C:\Users\Akib\documents\visual studio 2012\Projects\qrsDetect\qrsDetect\Debug\link-rc.read.1.tlog
C:\Users\Akib\documents\visual studio 2012\Projects\qrsDetect\qrsDetect\Debug\link-rc.write.1.tlog
C:\Users\Akib\documents\visual studio 2012\Projects\qrsDetect\qrsDetect\Debug\link.1568-cvtres.read.1.tlog
C:\Users\Akib\documents\visual studio 2012\Projects\qrsDetect\qrsDetect\Debug\link.1568-cvtres.write.1.tlog
C:\Users\Akib\documents\visual studio 2012\Projects\qrsDetect\qrsDetect\Debug\link.1568-rc.read.1.tlog
C:\Users\Akib\documents\visual studio 2012\Projects\qrsDetect\qrsDetect\Debug\link.1568-rc.write.1.tlog
C:\Users\Akib\documents\visual studio 2012\Projects\qrsDetect\qrsDetect\Debug\link.1568.read.1.tlog
C:\Users\Akib\documents\visual studio 2012\Projects\qrsDetect\qrsDetect\Debug\link.1568.write.1.tlog
C:\Users\Akib\documents\visual studio 2012\Projects\qrsDetect\qrsDetect\Debug\link.3704-cvtres.read.1.tlog
C:\Users\Akib\documents\visual studio 2012\Projects\qrsDetect\qrsDetect\Debug\link.3704-cvtres.write.1.tlog
C:\Users\Akib\documents\visual studio 2012\Projects\qrsDetect\qrsDetect\Debug\link.3704-rc.read.1.tlog
C:\Users\Akib\documents\visual studio 2012\Projects\qrsDetect\qrsDetect\Debug\link.3704-rc.write.1.tlog
C:\Users\Akib\documents\visual studio 2012\Projects\qrsDetect\qrsDetect\Debug\link.3704.read.1.tlog
C:\Users\Akib\documents\visual studio 2012\Projects\qrsDetect\qrsDetect\Debug\link.3704.write.1.tlog
C:\Users\Akib\documents\visual studio 2012\Projects\qrsDetect\qrsDetect\Debug\link.4348-cvtres.read.1.tlog
C:\Users\Akib\documents\visual studio 2012\Projects\qrsDetect\qrsDetect\Debug\link.4348-cvtres.write.1.tlog
C:\Users\Akib\documents\visual studio 2012\Projects\qrsDetect\qrsDetect\Debug\link.4348-rc.read.1.tlog
C:\Users\Akib\documents\visual studio 2012\Projects\qrsDetect\qrsDetect\Debug\link.4348-rc.write.1.tlog
C:\Users\Akib\documents\visual studio 2012\Projects\qrsDetect\qrsDetect\Debug\link.4348.read.1.tlog
C:\Users\Akib\documents\visual studio 2012\Projects\qrsDetect\qrsDetect\Debug\link.4348.write.1.tlog
C:\Users\Akib\documents\visual studio 2012\Projects\qrsDetect\qrsDetect\Debug\link.4596-cvtres.read.1.tlog
C:\Users\Akib\documents\visual studio 2012\Projects\qrsDetect\qrsDetect\Debug\link.4596-cvtres.write.1.tlog
C:\Users\Akib\documents\visual studio 2012\Projects\qrsDetect\qrsDetect\Debug\link.4596-rc.read.1.tlog
C:\Users\Akib\documents\visual studio 2012\Projects\qrsDetect\qrsDetect\Debug\link.4596-rc.write.1.tlog
C:\Users\Akib\documents\visual studio 2012\Projects\qrsDetect\qrsDetect\Debug\link.4596.read.1.tlog
C:\Users\Akib\documents\visual studio 2012\Projects\qrsDetect\qrsDetect\Debug\link.4596.write.1.tlog
C:\Users\Akib\documents\visual studio 2012\Projects\qrsDetect\qrsDetect\Debug\link.4892-cvtres.read.1.tlog
C:\Users\Akib\documents\visual studio 2012\Projects\qrsDetect\qrsDetect\Debug\link.4892-cvtres.write.1.tlog
C:\Users\Akib\documents\visual studio 2012\Projects\qrsDetect\qrsDetect\Debug\link.4892-rc.read.1.tlog
C:\Users\Akib\documents\visual studio 2012\Projects\qrsDetect\qrsDetect\Debug\link.4892-rc.write.1.tlog
C:\Users\Akib\documents\visual studio 2012\Projects\qrsDetect\qrsDetect\Debug\link.4892.read.1.tlog
C:\Users\Akib\documents\visual studio 2012\Projects\qrsDetect\qrsDetect\Debug\link.4892.write.1.tlog
C:\Users\Akib\documents\visual studio 2012\Projects\qrsDetect\qrsDetect\Debug\link.5232-cvtres.read.1.tlog
C:\Users\Akib\documents\visual studio 2012\Projects\qrsDetect\qrsDetect\Debug\link.5232-cvtres.write.1.tlog
C:\Users\Akib\documents\visual studio 2012\Projects\qrsDetect\qrsDetect\Debug\link.5232-rc.read.1.tlog
C:\Users\Akib\documents\visual studio 2012\Projects\qrsDetect\qrsDetect\Debug\link.5232-rc.write.1.tlog
C:\Users\Akib\documents\visual studio 2012\Projects\qrsDetect\qrsDetect\Debug\link.5232.read.1.tlog
C:\Users\Akib\documents\visual studio 2012\Projects\qrsDetect\qrsDetect\Debug\link.5232.write.1.tlog
C:\Users\Akib\documents\visual studio 2012\Projects\qrsDetect\qrsDetect\Debug\link.5264-cvtres.read.1.tlog
C:\Users\Akib\documents\visual studio 2012\Projects\qrsDetect\qrsDetect\Debug\link.5264-cvtres.write.1.tlog
C:\Users\Akib\documents\visual studio 2012\Projects\qrsDetect\qrsDetect\Debug\link.5264-rc.read.1.tlog
C:\Users\Akib\documents\visual studio 2012\Projects\qrsDetect\qrsDetect\Debug\link.5264-rc.write.1.tlog
C:\Users\Akib\documents\visual studio 2012\Projects\qrsDetect\qrsDetect\Debug\link.5264.read.1.tlog
C:\Users\Akib\documents\visual studio 2012\Projects\qrsDetect\qrsDetect\Debug\link.5264.write.1.tlog
C:\Users\Akib\documents\visual studio 2012\Projects\qrsDetect\qrsDetect\Debug\link.5364-cvtres.read.1.tlog
C:\Users\Akib\documents\visual studio 2012\Projects\qrsDetect\qrsDetect\Debug\link.5364-cvtres.write.1.tlog
C:\Users\Akib\documents\visual studio 2012\Projects\qrsDetect\qrsDetect\Debug\link.5364-rc.read.1.tlog
C:\Users\Akib\documents\visual studio 2012\Projects\qrsDetect\qrsDetect\Debug\link.5364-rc.write.1.tlog
C:\Users\Akib\documents\visual studio 2012\Projects\qrsDetect\qrsDetect\Debug\link.5364.read.1.tlog
C:\Users\Akib\documents\visual studio 2012\Projects\qrsDetect\qrsDetect\Debug\link.5364.write.1.tlog
C:\Users\Akib\documents\visual studio 2012\Projects\qrsDetect\qrsDetect\Debug\link.5476-cvtres.read.1.tlog
C:\Users\Akib\documents\visual studio 2012\Projects\qrsDetect\qrsDetect\Debug\link.5476-cvtres.write.1.tlog
C:\Users\Akib\documents\visual studio 2012\Projects\qrsDetect\qrsDetect\Debug\link.5476-rc.read.1.tlog
C:\Users\Akib\documents\visual studio 2012\Projects\qrsDetect\qrsDetect\Debug\link.5476-rc.write.1.tlog
C:\Users\Akib\documents\visual studio 2012\Projects\qrsDetect\qrsDetect\Debug\link.5476.read.1.tlog
C:\Users\Akib\documents\visual studio 2012\Projects\qrsDetect\qrsDetect\Debug\link.5476.write.1.tlog
C:\Users\Akib\documents\visual studio 2012\Projects\qrsDetect\qrsDetect\Debug\link.5556-cvtres.read.1.tlog
C:\Users\Akib\documents\visual studio 2012\Projects\qrsDetect\qrsDetect\Debug\link.5556-cvtres.write.1.tlog
C:\Users\Akib\documents\visual studio 2012\Projects\qrsDetect\qrsDetect\Debug\link.5556-rc.read.1.tlog
C:\Users\Akib\documents\visual studio 2012\Projects\qrsDetect\qrsDetect\Debug\link.5556-rc.write.1.tlog
C:\Users\Akib\documents\visual studio 2012\Projects\qrsDetect\qrsDetect\Debug\link.5556.read.1.tlog
C:\Users\Akib\documents\visual studio 2012\Projects\qrsDetect\qrsDetect\Debug\link.5556.write.1.tlog
C:\Users\Akib\documents\visual studio 2012\Projects\qrsDetect\qrsDetect\Debug\link.5940-cvtres.read.1.tlog
C:\Users\Akib\documents\visual studio 2012\Projects\qrsDetect\qrsDetect\Debug\link.5940-cvtres.write.1.tlog
C:\Users\Akib\documents\visual studio 2012\Projects\qrsDetect\qrsDetect\Debug\link.5940-rc.read.1.tlog
C:\Users\Akib\documents\visual studio 2012\Projects\qrsDetect\qrsDetect\Debug\link.5940-rc.write.1.tlog
C:\Users\Akib\documents\visual studio 2012\Projects\qrsDetect\qrsDetect\Debug\link.5940.read.1.tlog
C:\Users\Akib\documents\visual studio 2012\Projects\qrsDetect\qrsDetect\Debug\link.5940.write.1.tlog
C:\Users\Akib\documents\visual studio 2012\Projects\qrsDetect\qrsDetect\Debug\link.5976-cvtres.read.1.tlog
C:\Users\Akib\documents\visual studio 2012\Projects\qrsDetect\qrsDetect\Debug\link.5976-cvtres.write.1.tlog
C:\Users\Akib\documents\visual studio 2012\Projects\qrsDetect\qrsDetect\Debug\link.5976-rc.read.1.tlog
C:\Users\Akib\documents\visual studio 2012\Projects\qrsDetect\qrsDetect\Debug\link.5976-rc.write.1.tlog
C:\Users\Akib\documents\visual studio 2012\Projects\qrsDetect\qrsDetect\Debug\link.5976.read.1.tlog
C:\Users\Akib\documents\visual studio 2012\Projects\qrsDetect\qrsDetect\Debug\link.5976.write.1.tlog
C:\Users\Akib\documents\visual studio 2012\Projects\qrsDetect\qrsDetect\Debug\link.6240-cvtres.read.1.tlog
C:\Users\Akib\documents\visual studio 2012\Projects\qrsDetect\qrsDetect\Debug\link.6240-cvtres.write.1.tlog
C:\Users\Akib\documents\visual studio 2012\Projects\qrsDetect\qrsDetect\Debug\link.6240-rc.read.1.tlog
C:\Users\Akib\documents\visual studio 2012\Projects\qrsDetect\qrsDetect\Debug\link.6240-rc.write.1.tlog
C:\Users\Akib\documents\visual studio 2012\Projects\qrsDetect\qrsDetect\Debug\link.6240.read.1.tlog
C:\Users\Akib\documents\visual studio 2012\Projects\qrsDetect\qrsDetect\Debug\link.6240.write.1.tlog
C:\Users\Akib\documents\visual studio 2012\Projects\qrsDetect\qrsDetect\Debug\link.6580-cvtres.read.1.tlog
C:\Users\Akib\documents\visual studio 2012\Projects\qrsDetect\qrsDetect\Debug\link.6580-cvtres.write.1.tlog
C:\Users\Akib\documents\visual studio 2012\Projects\qrsDetect\qrsDetect\Debug\link.6580-rc.read.1.tlog
C:\Users\Akib\documents\visual studio 2012\Projects\qrsDetect\qrsDetect\Debug\link.6580-rc.write.1.tlog
C:\Users\Akib\documents\visual studio 2012\Projects\qrsDetect\qrsDetect\Debug\link.6580.read.1.tlog
C:\Users\Akib\documents\visual studio 2012\Projects\qrsDetect\qrsDetect\Debug\link.6580.write.1.tlog
C:\Users\Akib\documents\visual studio 2012\Projects\qrsDetect\qrsDetect\Debug\link.6780-cvtres.read.1.tlog
C:\Users\Akib\documents\visual studio 2012\Projects\qrsDetect\qrsDetect\Debug\link.6780-cvtres.write.1.tlog
C:\Users\Akib\documents\visual studio 2012\Projects\qrsDetect\qrsDetect\Debug\link.6780-rc.read.1.tlog
C:\Users\Akib\documents\visual studio 2012\Projects\qrsDetect\qrsDetect\Debug\link.6780-rc.write.1.tlog
C:\Users\Akib\documents\visual studio 2012\Projects\qrsDetect\qrsDetect\Debug\link.6780.read.1.tlog
C:\Users\Akib\documents\visual studio 2012\Projects\qrsDetect\qrsDetect\Debug\link.6780.write.1.tlog
C:\Users\Akib\documents\visual studio 2012\Projects\qrsDetect\qrsDetect\Debug\link.7284-cvtres.read.1.tlog
C:\Users\Akib\documents\visual studio 2012\Projects\qrsDetect\qrsDetect\Debug\link.7284-cvtres.write.1.tlog
C:\Users\Akib\documents\visual studio 2012\Projects\qrsDetect\qrsDetect\Debug\link.7284-rc.read.1.tlog
C:\Users\Akib\documents\visual studio 2012\Projects\qrsDetect\qrsDetect\Debug\link.7284-rc.write.1.tlog
C:\Users\Akib\documents\visual studio 2012\Projects\qrsDetect\qrsDetect\Debug\link.7284.read.1.tlog
C:\Users\Akib\documents\visual studio 2012\Projects\qrsDetect\qrsDetect\Debug\link.7284.write.1.tlog
C:\Users\Akib\documents\visual studio 2012\Projects\qrsDetect\qrsDetect\Debug\link.7348-cvtres.read.1.tlog
C:\Users\Akib\documents\visual studio 2012\Projects\qrsDetect\qrsDetect\Debug\link.7348-cvtres.write.1.tlog
C:\Users\Akib\documents\visual studio 2012\Projects\qrsDetect\qrsDetect\Debug\link.7348-rc.read.1.tlog
C:\Users\Akib\documents\visual studio 2012\Projects\qrsDetect\qrsDetect\Debug\link.7348-rc.write.1.tlog
C:\Users\Akib\documents\visual studio 2012\Projects\qrsDetect\qrsDetect\Debug\link.7348.read.1.tlog
C:\Users\Akib\documents\visual studio 2012\Projects\qrsDetect\qrsDetect\Debug\link.7348.write.1.tlog
C:\Users\Akib\documents\visual studio 2012\Projects\qrsDetect\qrsDetect\Debug\link.7760-cvtres.read.1.tlog
C:\Users\Akib\documents\visual studio 2012\Projects\qrsDetect\qrsDetect\Debug\link.7760-cvtres.write.1.tlog
C:\Users\Akib\documents\visual studio 2012\Projects\qrsDetect\qrsDetect\Debug\link.7760-rc.read.1.tlog
C:\Users\Akib\documents\visual studio 2012\Projects\qrsDetect\qrsDetect\Debug\link.7760-rc.write.1.tlog
C:\Users\Akib\documents\visual studio 2012\Projects\qrsDetect\qrsDetect\Debug\link.7760.read.1.tlog
C:\Users\Akib\documents\visual studio 2012\Projects\qrsDetect\qrsDetect\Debug\link.7760.write.1.tlog
C:\Users\Akib\documents\visual studio 2012\Projects\qrsDetect\qrsDetect\Debug\link.7812-cvtres.read.1.tlog
C:\Users\Akib\documents\visual studio 2012\Projects\qrsDetect\qrsDetect\Debug\link.7812-cvtres.write.1.tlog
C:\Users\Akib\documents\visual studio 2012\Projects\qrsDetect\qrsDetect\Debug\link.7812-rc.read.1.tlog
C:\Users\Akib\documents\visual studio 2012\Projects\qrsDetect\qrsDetect\Debug\link.7812-rc.write.1.tlog
C:\Users\Akib\documents\visual studio 2012\Projects\qrsDetect\qrsDetect\Debug\link.7812.read.1.tlog
C:\Users\Akib\documents\visual studio 2012\Projects\qrsDetect\qrsDetect\Debug\link.7812.write.1.tlog
C:\Users\Akib\documents\visual studio 2012\Projects\qrsDetect\qrsDetect\Debug\link.8224-cvtres.read.1.tlog
C:\Users\Akib\documents\visual studio 2012\Projects\qrsDetect\qrsDetect\Debug\link.8224-cvtres.write.1.tlog
C:\Users\Akib\documents\visual studio 2012\Projects\qrsDetect\qrsDetect\Debug\link.8224-rc.read.1.tlog
C:\Users\Akib\documents\visual studio 2012\Projects\qrsDetect\qrsDetect\Debug\link.8224-rc.write.1.tlog
C:\Users\Akib\documents\visual studio 2012\Projects\qrsDetect\qrsDetect\Debug\link.8224.read.1.tlog
C:\Users\Akib\documents\visual studio 2012\Projects\qrsDetect\qrsDetect\Debug\link.8224.write.1.tlog
C:\Users\Akib\documents\visual studio 2012\Projects\qrsDetect\qrsDetect\Debug\link.8588-cvtres.read.1.tlog
C:\Users\Akib\documents\visual studio 2012\Projects\qrsDetect\qrsDetect\Debug\link.8588-cvtres.write.1.tlog
C:\Users\Akib\documents\visual studio 2012\Projects\qrsDetect\qrsDetect\Debug\link.8588-rc.read.1.tlog
C:\Users\Akib\documents\visual studio 2012\Projects\qrsDetect\qrsDetect\Debug\link.8588-rc.write.1.tlog
C:\Users\Akib\documents\visual studio 2012\Projects\qrsDetect\qrsDetect\Debug\link.8588.read.1.tlog
C:\Users\Akib\documents\visual studio 2012\Projects\qrsDetect\qrsDetect\Debug\link.8588.write.1.tlog
C:\Users\Akib\documents\visual studio 2012\Projects\qrsDetect\qrsDetect\Debug\link.8732-cvtres.read.1.tlog
C:\Users\Akib\documents\visual studio 2012\Projects\qrsDetect\qrsDetect\Debug\link.8732-cvtres.write.1.tlog
C:\Users\Akib\documents\visual studio 2012\Projects\qrsDetect\qrsDetect\Debug\link.8732-rc.read.1.tlog
C:\Users\Akib\documents\visual studio 2012\Projects\qrsDetect\qrsDetect\Debug\link.8732-rc.write.1.tlog
C:\Users\Akib\documents\visual studio 2012\Projects\qrsDetect\qrsDetect\Debug\link.8732.read.1.tlog
C:\Users\Akib\documents\visual studio 2012\Projects\qrsDetect\qrsDetect\Debug\link.8732.write.1.tlog
C:\Users\Akib\documents\visual studio 2012\Projects\qrsDetect\qrsDetect\Debug\link.command.1.tlog
C:\Users\Akib\documents\visual studio 2012\Projects\qrsDetect\qrsDetect\Debug\link.read.1.tlog
C:\Users\Akib\documents\visual studio 2012\Projects\qrsDetect\qrsDetect\Debug\link.write.1.tlog
C:\Users\Akib\documents\visual studio 2012\Projects\qrsDetect\qrsDetect\Debug\qrsDetect.pch
C:\Users\Akib\documents\visual studio 2012\Projects\qrsDetect\qrsDetect\Debug\vc110.idb
C:\Users\Akib\documents\visual studio 2012\Projects\qrsDetect\qrsDetect\Debug\vc110.pdb
C:\Users\Akib\documents\visual studio 2012\Projects\qrsDetect\Debug\qrsDetect.pdb
C:\Users\Akib\documents\visual studio 2012\Projects\qrsDetect\Debug\qrsDetect.exe
C:\Users\Akib\documents\visual studio 2012\Projects\qrsDetect\Debug\qrsDetect.ilk
